# TYPE envoy_tcp_upstream_flush_total counter
envoy_tcp_upstream_flush_total{envoy_tcp_prefix="cds_egress_votingAppmesh_web-vn_amazonaws"} 0
# TYPE envoy_tcp_idle_timeout counter
envoy_tcp_idle_timeout{envoy_tcp_prefix="cds_egress_votingAppmesh_web-vn_amazonaws"} 0
# TYPE envoy_tcp_downstream_cx_tx_bytes_total counter
envoy_tcp_downstream_cx_tx_bytes_total{envoy_tcp_prefix="cds_egress_votingAppmesh_web-vn_amazonaws"} 0
# TYPE envoy_tcp_downstream_flow_control_resumed_reading_total counter
envoy_tcp_downstream_flow_control_resumed_reading_total{envoy_tcp_prefix="cds_egress_votingAppmesh_web-vn_amazonaws"} 0
# TYPE envoy_tcp_downstream_cx_rx_bytes_total counter
envoy_tcp_downstream_cx_rx_bytes_total{envoy_tcp_prefix="cds_egress_votingAppmesh_web-vn_amazonaws"} 0
# TYPE envoy_tcp_downstream_cx_total counter
envoy_tcp_downstream_cx_total{envoy_tcp_prefix="cds_egress_votingAppmesh_web-vn_amazonaws"} 0
# TYPE envoy_tcp_downstream_cx_no_route counter
envoy_tcp_downstream_cx_no_route{envoy_tcp_prefix="cds_egress_votingAppmesh_web-vn_amazonaws"} 0
# TYPE envoy_tcp_downstream_flow_control_paused_reading_total counter
envoy_tcp_downstream_flow_control_paused_reading_total{envoy_tcp_prefix="cds_egress_votingAppmesh_web-vn_amazonaws"} 0
# TYPE envoy_http_rds_rds_egress_votingAppmesh_web_vn_http_9080_1_update_failure counter
envoy_http_rds_rds_egress_votingAppmesh_web_vn_http_9080_1_update_failure{envoy_http_conn_manager_prefix="rds_egress_votingAppmesh_web-vn_http_9080_1"} 0
# TYPE envoy_http_rds_rds_egress_votingAppmesh_web_vn_http_9080_1_update_success counter
envoy_http_rds_rds_egress_votingAppmesh_web_vn_http_9080_1_update_success{envoy_http_conn_manager_prefix="rds_egress_votingAppmesh_web-vn_http_9080_1"} 1
# TYPE envoy_http_rds_rds_egress_votingAppmesh_web_vn_http_9080_1_update_attempt counter
envoy_http_rds_rds_egress_votingAppmesh_web_vn_http_9080_1_update_attempt{envoy_http_conn_manager_prefix="rds_egress_votingAppmesh_web-vn_http_9080_1"} 2
# TYPE envoy_http_rds_rds_egress_votingAppmesh_web_vn_http_9080_1_config_reload counter
envoy_http_rds_rds_egress_votingAppmesh_web_vn_http_9080_1_config_reload{envoy_http_conn_manager_prefix="rds_egress_votingAppmesh_web-vn_http_9080_1"} 1
# TYPE envoy_http_rds_rds_egress_votingAppmesh_web_vn_http_9080_1_update_rejected counter
envoy_http_rds_rds_egress_votingAppmesh_web_vn_http_9080_1_update_rejected{envoy_http_conn_manager_prefix="rds_egress_votingAppmesh_web-vn_http_9080_1"} 0
# TYPE envoy_http_rds_rds_egress_votingAppmesh_web_vn_http_9080_1_update_empty counter
envoy_http_rds_rds_egress_votingAppmesh_web_vn_http_9080_1_update_empty{envoy_http_conn_manager_prefix="rds_egress_votingAppmesh_web-vn_http_9080_1"} 0
# TYPE envoy_listener_no_filter_chain_match counter
envoy_listener_no_filter_chain_match{envoy_listener_address="0.0.0.0_15001"} 0
# TYPE envoy_listener_downstream_cx_destroy counter
envoy_listener_downstream_cx_destroy{envoy_listener_address="0.0.0.0_15001"} 14
# TYPE envoy_listener_http_downstream_rq_completed counter
envoy_listener_http_downstream_rq_completed{envoy_http_conn_manager_prefix="rds_egress_votingAppmesh_web-vn_http_9080_1",envoy_listener_address="0.0.0.0_15001"} 14
# TYPE envoy_listener_http_downstream_rq_xx counter
envoy_listener_http_downstream_rq_xx{envoy_response_code_class="2",envoy_http_conn_manager_prefix="rds_egress_votingAppmesh_web-vn_http_9080_1",envoy_listener_address="0.0.0.0_15001"} 14
# TYPE envoy_listener_downstream_cx_total counter
envoy_listener_downstream_cx_total{envoy_listener_address="0.0.0.0_15001"} 14
envoy_listener_http_downstream_rq_xx{envoy_response_code_class="3",envoy_http_conn_manager_prefix="rds_egress_votingAppmesh_web-vn_http_9080_1",envoy_listener_address="0.0.0.0_15001"} 0
envoy_listener_http_downstream_rq_xx{envoy_response_code_class="4",envoy_http_conn_manager_prefix="rds_egress_votingAppmesh_web-vn_http_9080_1",envoy_listener_address="0.0.0.0_15001"} 0
envoy_listener_http_downstream_rq_xx{envoy_response_code_class="1",envoy_http_conn_manager_prefix="rds_egress_votingAppmesh_web-vn_http_9080_1",envoy_listener_address="0.0.0.0_15001"} 0
envoy_listener_http_downstream_rq_xx{envoy_response_code_class="5",envoy_http_conn_manager_prefix="rds_egress_votingAppmesh_web-vn_http_9080_1",envoy_listener_address="0.0.0.0_15001"} 0
# TYPE envoy_http_rds_rds_ingress_votingAppmesh_web_vn_http_9080_1_update_rejected counter
envoy_http_rds_rds_ingress_votingAppmesh_web_vn_http_9080_1_update_rejected{envoy_http_conn_manager_prefix="rds_ingress_votingAppmesh_web-vn_http_9080_1"} 0
# TYPE envoy_http_rds_rds_ingress_votingAppmesh_web_vn_http_9080_1_update_success counter
envoy_http_rds_rds_ingress_votingAppmesh_web_vn_http_9080_1_update_success{envoy_http_conn_manager_prefix="rds_ingress_votingAppmesh_web-vn_http_9080_1"} 1
# TYPE envoy_http_rds_rds_ingress_votingAppmesh_web_vn_http_9080_1_update_failure counter
envoy_http_rds_rds_ingress_votingAppmesh_web_vn_http_9080_1_update_failure{envoy_http_conn_manager_prefix="rds_ingress_votingAppmesh_web-vn_http_9080_1"} 0
# TYPE envoy_http_rds_rds_ingress_votingAppmesh_web_vn_http_9080_1_update_attempt counter
envoy_http_rds_rds_ingress_votingAppmesh_web_vn_http_9080_1_update_attempt{envoy_http_conn_manager_prefix="rds_ingress_votingAppmesh_web-vn_http_9080_1"} 2
# TYPE envoy_http_rds_rds_ingress_votingAppmesh_web_vn_http_9080_1_config_reload counter
envoy_http_rds_rds_ingress_votingAppmesh_web_vn_http_9080_1_config_reload{envoy_http_conn_manager_prefix="rds_ingress_votingAppmesh_web-vn_http_9080_1"} 1
# TYPE envoy_http_rds_rds_ingress_votingAppmesh_web_vn_http_9080_1_update_empty counter
envoy_http_rds_rds_ingress_votingAppmesh_web_vn_http_9080_1_update_empty{envoy_http_conn_manager_prefix="rds_ingress_votingAppmesh_web-vn_http_9080_1"} 0
# TYPE envoy_http_rq_direct_response counter
envoy_http_rq_direct_response{envoy_http_conn_manager_prefix="rds_egress_votingAppmesh_web-vn_http_9080_1"} 0
# TYPE envoy_http_rq_redirect counter
envoy_http_rq_redirect{envoy_http_conn_manager_prefix="rds_egress_votingAppmesh_web-vn_http_9080_1"} 0
# TYPE envoy_http_no_route counter
envoy_http_no_route{envoy_http_conn_manager_prefix="rds_egress_votingAppmesh_web-vn_http_9080_1"} 0
# TYPE envoy_http_tracing_health_check counter
envoy_http_tracing_health_check{envoy_http_conn_manager_prefix="rds_egress_votingAppmesh_web-vn_http_9080_1"} 0
# TYPE envoy_http_tracing_not_traceable counter
envoy_http_tracing_not_traceable{envoy_http_conn_manager_prefix="rds_egress_votingAppmesh_web-vn_http_9080_1"} 0
# TYPE envoy_http_rs_too_large counter
envoy_http_rs_too_large{envoy_http_conn_manager_prefix="rds_egress_votingAppmesh_web-vn_http_9080_1"} 0
# TYPE envoy_http_downstream_rq_idle_timeout counter
envoy_http_downstream_rq_idle_timeout{envoy_http_conn_manager_prefix="rds_egress_votingAppmesh_web-vn_http_9080_1"} 0
# TYPE envoy_http_downstream_rq_xx counter
envoy_http_downstream_rq_xx{envoy_response_code_class="5",envoy_http_conn_manager_prefix="rds_egress_votingAppmesh_web-vn_http_9080_1"} 0
# TYPE envoy_http_tracing_random_sampling counter
envoy_http_tracing_random_sampling{envoy_http_conn_manager_prefix="rds_egress_votingAppmesh_web-vn_http_9080_1"} 0
envoy_http_downstream_rq_xx{envoy_response_code_class="4",envoy_http_conn_manager_prefix="rds_egress_votingAppmesh_web-vn_http_9080_1"} 0
envoy_http_downstream_rq_xx{envoy_response_code_class="3",envoy_http_conn_manager_prefix="rds_egress_votingAppmesh_web-vn_http_9080_1"} 0
envoy_http_downstream_rq_xx{envoy_response_code_class="2",envoy_http_conn_manager_prefix="rds_egress_votingAppmesh_web-vn_http_9080_1"} 14
# TYPE envoy_http_tracing_client_enabled counter
envoy_http_tracing_client_enabled{envoy_http_conn_manager_prefix="rds_egress_votingAppmesh_web-vn_http_9080_1"} 0
envoy_http_downstream_rq_xx{envoy_response_code_class="1",envoy_http_conn_manager_prefix="rds_egress_votingAppmesh_web-vn_http_9080_1"} 0
# TYPE envoy_http_downstream_rq_too_large counter
envoy_http_downstream_rq_too_large{envoy_http_conn_manager_prefix="rds_egress_votingAppmesh_web-vn_http_9080_1"} 0
# TYPE envoy_http_downstream_cx_http2_total counter
envoy_http_downstream_cx_http2_total{envoy_http_conn_manager_prefix="rds_egress_votingAppmesh_web-vn_http_9080_1"} 0
# TYPE envoy_http_rq_total counter
envoy_http_rq_total{envoy_http_conn_manager_prefix="rds_egress_votingAppmesh_web-vn_http_9080_1"} 14
# TYPE envoy_tls_inspector_read_error counter
envoy_tls_inspector_read_error{} 0
# TYPE envoy_http_downstream_cx_ssl_total counter
envoy_http_downstream_cx_ssl_total{envoy_http_conn_manager_prefix="rds_egress_votingAppmesh_web-vn_http_9080_1"} 0
# TYPE envoy_http_downstream_cx_drain_close counter
envoy_http_downstream_cx_drain_close{envoy_http_conn_manager_prefix="rds_egress_votingAppmesh_web-vn_http_9080_1"} 0
# TYPE envoy_http_downstream_cx_total counter
envoy_http_downstream_cx_total{envoy_http_conn_manager_prefix="rds_egress_votingAppmesh_web-vn_http_9080_1"} 14
# TYPE envoy_http_tracing_service_forced counter
envoy_http_tracing_service_forced{envoy_http_conn_manager_prefix="rds_egress_votingAppmesh_web-vn_http_9080_1"} 0
# TYPE envoy_http_downstream_cx_rx_bytes_total counter
envoy_http_downstream_cx_rx_bytes_total{envoy_http_conn_manager_prefix="rds_egress_votingAppmesh_web-vn_http_9080_1"} 2226
# TYPE envoy_http_downstream_rq_tx_reset counter
envoy_http_downstream_rq_tx_reset{envoy_http_conn_manager_prefix="rds_egress_votingAppmesh_web-vn_http_9080_1"} 0
# TYPE envoy_http_downstream_rq_overload_close counter
envoy_http_downstream_rq_overload_close{envoy_http_conn_manager_prefix="rds_egress_votingAppmesh_web-vn_http_9080_1"} 0
# TYPE envoy_http_downstream_cx_websocket_total counter
envoy_http_downstream_cx_websocket_total{envoy_http_conn_manager_prefix="rds_egress_votingAppmesh_web-vn_http_9080_1"} 0
# TYPE envoy_tls_inspector_sni_found counter
envoy_tls_inspector_sni_found{} 0
# TYPE envoy_tls_inspector_read_timeout counter
envoy_tls_inspector_read_timeout{} 0
# TYPE envoy_tls_inspector_connection_closed counter
envoy_tls_inspector_connection_closed{} 0
# TYPE envoy_tls_inspector_tls_found counter
envoy_tls_inspector_tls_found{} 0
# TYPE envoy_http_downstream_cx_http1_total counter
envoy_http_downstream_cx_http1_total{envoy_http_conn_manager_prefix="rds_egress_votingAppmesh_web-vn_http_9080_1"} 14
# TYPE envoy_tls_inspector_tls_not_found counter
envoy_tls_inspector_tls_not_found{} 14
# TYPE envoy_tls_inspector_client_hello_too_large counter
envoy_tls_inspector_client_hello_too_large{} 0
# TYPE envoy_tls_inspector_alpn_found counter
envoy_tls_inspector_alpn_found{} 0
# TYPE envoy_http_downstream_rq_rx_reset counter
envoy_http_downstream_rq_rx_reset{envoy_http_conn_manager_prefix="rds_egress_votingAppmesh_web-vn_http_9080_1"} 0
# TYPE envoy_http_downstream_cx_destroy_remote counter
envoy_http_downstream_cx_destroy_remote{envoy_http_conn_manager_prefix="rds_egress_votingAppmesh_web-vn_http_9080_1"} 14
# TYPE envoy_http_downstream_cx_destroy_local counter
envoy_http_downstream_cx_destroy_local{envoy_http_conn_manager_prefix="rds_egress_votingAppmesh_web-vn_http_9080_1"} 0
# TYPE envoy_http_downstream_cx_destroy_active_rq counter
envoy_http_downstream_cx_destroy_active_rq{envoy_http_conn_manager_prefix="rds_egress_votingAppmesh_web-vn_http_9080_1"} 0
# TYPE envoy_http_downstream_cx_destroy_local_active_rq counter
envoy_http_downstream_cx_destroy_local_active_rq{envoy_http_conn_manager_prefix="rds_egress_votingAppmesh_web-vn_http_9080_1"} 0
# TYPE envoy_http_no_cluster counter
envoy_http_no_cluster{envoy_http_conn_manager_prefix="rds_egress_votingAppmesh_web-vn_http_9080_1"} 0
# TYPE envoy_tls_inspector_alpn_not_found counter
envoy_tls_inspector_alpn_not_found{} 0
# TYPE envoy_http_downstream_cx_destroy_remote_active_rq counter
envoy_http_downstream_cx_destroy_remote_active_rq{envoy_http_conn_manager_prefix="rds_egress_votingAppmesh_web-vn_http_9080_1"} 0
# TYPE envoy_tls_inspector_sni_not_found counter
envoy_tls_inspector_sni_not_found{} 0
# TYPE envoy_http_downstream_cx_tx_bytes_total counter
envoy_http_downstream_cx_tx_bytes_total{envoy_http_conn_manager_prefix="rds_egress_votingAppmesh_web-vn_http_9080_1"} 4131
# TYPE envoy_http_downstream_cx_protocol_error counter
envoy_http_downstream_cx_protocol_error{envoy_http_conn_manager_prefix="rds_egress_votingAppmesh_web-vn_http_9080_1"} 0
# TYPE envoy_http_downstream_cx_idle_timeout counter
envoy_http_downstream_cx_idle_timeout{envoy_http_conn_manager_prefix="rds_egress_votingAppmesh_web-vn_http_9080_1"} 0
# TYPE envoy_http_downstream_cx_overload_disable_keepalive counter
envoy_http_downstream_cx_overload_disable_keepalive{envoy_http_conn_manager_prefix="rds_egress_votingAppmesh_web-vn_http_9080_1"} 0
# TYPE envoy_http_downstream_rq_http1_total counter
envoy_http_downstream_rq_http1_total{envoy_http_conn_manager_prefix="rds_egress_votingAppmesh_web-vn_http_9080_1"} 14
# TYPE envoy_http_downstream_rq_completed counter
envoy_http_downstream_rq_completed{envoy_http_conn_manager_prefix="rds_egress_votingAppmesh_web-vn_http_9080_1"} 14
# TYPE envoy_http_downstream_cx_destroy counter
envoy_http_downstream_cx_destroy{envoy_http_conn_manager_prefix="rds_egress_votingAppmesh_web-vn_http_9080_1"} 14
# TYPE envoy_http_downstream_cx_delayed_close_timeout counter
envoy_http_downstream_cx_delayed_close_timeout{envoy_http_conn_manager_prefix="rds_egress_votingAppmesh_web-vn_http_9080_1"} 0
# TYPE envoy_http_downstream_rq_ws_on_non_ws_route counter
envoy_http_downstream_rq_ws_on_non_ws_route{envoy_http_conn_manager_prefix="rds_egress_votingAppmesh_web-vn_http_9080_1"} 0
# TYPE envoy_http_downstream_flow_control_paused_reading_total counter
envoy_http_downstream_flow_control_paused_reading_total{envoy_http_conn_manager_prefix="rds_egress_votingAppmesh_web-vn_http_9080_1"} 0
# TYPE envoy_http_downstream_rq_total counter
envoy_http_downstream_rq_total{envoy_http_conn_manager_prefix="rds_egress_votingAppmesh_web-vn_http_9080_1"} 14
# TYPE envoy_http_downstream_rq_non_relative_path counter
envoy_http_downstream_rq_non_relative_path{envoy_http_conn_manager_prefix="rds_egress_votingAppmesh_web-vn_http_9080_1"} 0
# TYPE envoy_http_downstream_rq_http2_total counter
envoy_http_downstream_rq_http2_total{envoy_http_conn_manager_prefix="rds_egress_votingAppmesh_web-vn_http_9080_1"} 0
# TYPE envoy_http_downstream_flow_control_resumed_reading_total counter
envoy_http_downstream_flow_control_resumed_reading_total{envoy_http_conn_manager_prefix="rds_egress_votingAppmesh_web-vn_http_9080_1"} 0
# TYPE envoy_http_downstream_rq_response_before_rq_complete counter
envoy_http_downstream_rq_response_before_rq_complete{envoy_http_conn_manager_prefix="rds_egress_votingAppmesh_web-vn_http_9080_1"} 0
envoy_listener_no_filter_chain_match{envoy_listener_address="0.0.0.0_15000"} 0
envoy_listener_downstream_cx_total{envoy_listener_address="0.0.0.0_15000"} 8036
envoy_listener_http_downstream_rq_xx{envoy_response_code_class="1",envoy_http_conn_manager_prefix="rds_ingress_votingAppmesh_web-vn_http_9080_1",envoy_listener_address="0.0.0.0_15000"} 0
envoy_listener_http_downstream_rq_completed{envoy_http_conn_manager_prefix="rds_ingress_votingAppmesh_web-vn_http_9080_1",envoy_listener_address="0.0.0.0_15000"} 8366
envoy_listener_http_downstream_rq_xx{envoy_response_code_class="2",envoy_http_conn_manager_prefix="rds_ingress_votingAppmesh_web-vn_http_9080_1",envoy_listener_address="0.0.0.0_15000"} 8051
envoy_listener_http_downstream_rq_xx{envoy_response_code_class="5",envoy_http_conn_manager_prefix="rds_ingress_votingAppmesh_web-vn_http_9080_1",envoy_listener_address="0.0.0.0_15000"} 0
envoy_listener_downstream_cx_destroy{envoy_listener_address="0.0.0.0_15000"} 8032
envoy_listener_http_downstream_rq_xx{envoy_response_code_class="3",envoy_http_conn_manager_prefix="rds_ingress_votingAppmesh_web-vn_http_9080_1",envoy_listener_address="0.0.0.0_15000"} 5
envoy_listener_http_downstream_rq_xx{envoy_response_code_class="4",envoy_http_conn_manager_prefix="rds_ingress_votingAppmesh_web-vn_http_9080_1",envoy_listener_address="0.0.0.0_15000"} 310
envoy_http_rq_total{envoy_http_conn_manager_prefix="rds_ingress_votingAppmesh_web-vn_http_9080_1"} 8366
envoy_http_rq_direct_response{envoy_http_conn_manager_prefix="rds_ingress_votingAppmesh_web-vn_http_9080_1"} 0
envoy_http_no_cluster{envoy_http_conn_manager_prefix="rds_ingress_votingAppmesh_web-vn_http_9080_1"} 0
envoy_http_tracing_health_check{envoy_http_conn_manager_prefix="rds_ingress_votingAppmesh_web-vn_http_9080_1"} 0
envoy_http_tracing_client_enabled{envoy_http_conn_manager_prefix="rds_ingress_votingAppmesh_web-vn_http_9080_1"} 0
envoy_http_tracing_service_forced{envoy_http_conn_manager_prefix="rds_ingress_votingAppmesh_web-vn_http_9080_1"} 0
envoy_http_rs_too_large{envoy_http_conn_manager_prefix="rds_ingress_votingAppmesh_web-vn_http_9080_1"} 0
envoy_http_downstream_rq_overload_close{envoy_http_conn_manager_prefix="rds_ingress_votingAppmesh_web-vn_http_9080_1"} 0
envoy_http_downstream_cx_destroy_remote_active_rq{envoy_http_conn_manager_prefix="rds_ingress_votingAppmesh_web-vn_http_9080_1"} 0
envoy_http_rq_redirect{envoy_http_conn_manager_prefix="rds_ingress_votingAppmesh_web-vn_http_9080_1"} 0
envoy_http_downstream_cx_rx_bytes_total{envoy_http_conn_manager_prefix="rds_ingress_votingAppmesh_web-vn_http_9080_1"} 1171767
envoy_http_downstream_cx_protocol_error{envoy_http_conn_manager_prefix="rds_ingress_votingAppmesh_web-vn_http_9080_1"} 0
envoy_http_downstream_cx_tx_bytes_total{envoy_http_conn_manager_prefix="rds_ingress_votingAppmesh_web-vn_http_9080_1"} 2458983
envoy_http_downstream_cx_destroy_local_active_rq{envoy_http_conn_manager_prefix="rds_ingress_votingAppmesh_web-vn_http_9080_1"} 0
envoy_http_downstream_rq_xx{envoy_response_code_class="2",envoy_http_conn_manager_prefix="rds_ingress_votingAppmesh_web-vn_http_9080_1"} 8051
envoy_http_downstream_rq_total{envoy_http_conn_manager_prefix="rds_ingress_votingAppmesh_web-vn_http_9080_1"} 8366
envoy_http_downstream_cx_destroy_remote{envoy_http_conn_manager_prefix="rds_ingress_votingAppmesh_web-vn_http_9080_1"} 8032
envoy_http_downstream_cx_destroy_local{envoy_http_conn_manager_prefix="rds_ingress_votingAppmesh_web-vn_http_9080_1"} 0
envoy_http_downstream_cx_http1_total{envoy_http_conn_manager_prefix="rds_ingress_votingAppmesh_web-vn_http_9080_1"} 8036
envoy_http_downstream_flow_control_paused_reading_total{envoy_http_conn_manager_prefix="rds_ingress_votingAppmesh_web-vn_http_9080_1"} 0
envoy_http_downstream_rq_http2_total{envoy_http_conn_manager_prefix="rds_ingress_votingAppmesh_web-vn_http_9080_1"} 0
envoy_http_tracing_random_sampling{envoy_http_conn_manager_prefix="rds_ingress_votingAppmesh_web-vn_http_9080_1"} 0
envoy_http_downstream_cx_destroy_active_rq{envoy_http_conn_manager_prefix="rds_ingress_votingAppmesh_web-vn_http_9080_1"} 0
envoy_http_downstream_rq_rx_reset{envoy_http_conn_manager_prefix="rds_ingress_votingAppmesh_web-vn_http_9080_1"} 0
envoy_http_tracing_not_traceable{envoy_http_conn_manager_prefix="rds_ingress_votingAppmesh_web-vn_http_9080_1"} 0
envoy_http_downstream_cx_ssl_total{envoy_http_conn_manager_prefix="rds_ingress_votingAppmesh_web-vn_http_9080_1"} 0
envoy_http_downstream_cx_idle_timeout{envoy_http_conn_manager_prefix="rds_ingress_votingAppmesh_web-vn_http_9080_1"} 0
envoy_http_downstream_cx_destroy{envoy_http_conn_manager_prefix="rds_ingress_votingAppmesh_web-vn_http_9080_1"} 8032
envoy_http_downstream_cx_total{envoy_http_conn_manager_prefix="rds_ingress_votingAppmesh_web-vn_http_9080_1"} 8036
envoy_http_downstream_rq_non_relative_path{envoy_http_conn_manager_prefix="rds_ingress_votingAppmesh_web-vn_http_9080_1"} 0
envoy_http_downstream_cx_websocket_total{envoy_http_conn_manager_prefix="rds_ingress_votingAppmesh_web-vn_http_9080_1"} 0
envoy_http_downstream_cx_overload_disable_keepalive{envoy_http_conn_manager_prefix="rds_ingress_votingAppmesh_web-vn_http_9080_1"} 0
envoy_http_downstream_rq_http1_total{envoy_http_conn_manager_prefix="rds_ingress_votingAppmesh_web-vn_http_9080_1"} 8366
envoy_http_downstream_cx_delayed_close_timeout{envoy_http_conn_manager_prefix="rds_ingress_votingAppmesh_web-vn_http_9080_1"} 0
envoy_http_downstream_rq_response_before_rq_complete{envoy_http_conn_manager_prefix="rds_ingress_votingAppmesh_web-vn_http_9080_1"} 0
envoy_http_downstream_cx_http2_total{envoy_http_conn_manager_prefix="rds_ingress_votingAppmesh_web-vn_http_9080_1"} 0
envoy_http_downstream_rq_xx{envoy_response_code_class="4",envoy_http_conn_manager_prefix="rds_ingress_votingAppmesh_web-vn_http_9080_1"} 310
envoy_http_downstream_rq_tx_reset{envoy_http_conn_manager_prefix="rds_ingress_votingAppmesh_web-vn_http_9080_1"} 0
envoy_http_downstream_rq_ws_on_non_ws_route{envoy_http_conn_manager_prefix="rds_ingress_votingAppmesh_web-vn_http_9080_1"} 0
envoy_http_downstream_rq_xx{envoy_response_code_class="1",envoy_http_conn_manager_prefix="rds_ingress_votingAppmesh_web-vn_http_9080_1"} 0
envoy_http_downstream_rq_too_large{envoy_http_conn_manager_prefix="rds_ingress_votingAppmesh_web-vn_http_9080_1"} 0
envoy_http_no_route{envoy_http_conn_manager_prefix="rds_ingress_votingAppmesh_web-vn_http_9080_1"} 0
envoy_http_downstream_rq_completed{envoy_http_conn_manager_prefix="rds_ingress_votingAppmesh_web-vn_http_9080_1"} 8366
envoy_http_downstream_cx_drain_close{envoy_http_conn_manager_prefix="rds_ingress_votingAppmesh_web-vn_http_9080_1"} 0
envoy_http_downstream_rq_xx{envoy_response_code_class="5",envoy_http_conn_manager_prefix="rds_ingress_votingAppmesh_web-vn_http_9080_1"} 0
envoy_http_downstream_rq_xx{envoy_response_code_class="3",envoy_http_conn_manager_prefix="rds_ingress_votingAppmesh_web-vn_http_9080_1"} 5
envoy_http_downstream_flow_control_resumed_reading_total{envoy_http_conn_manager_prefix="rds_ingress_votingAppmesh_web-vn_http_9080_1"} 0
envoy_http_downstream_rq_idle_timeout{envoy_http_conn_manager_prefix="rds_ingress_votingAppmesh_web-vn_http_9080_1"} 0
# TYPE envoy_cluster_external_upstream_rq counter
envoy_cluster_external_upstream_rq{envoy_response_code="200",envoy_cluster_name="cds_egress_votingAppmesh_web-vn_reports-vn_http_9080_1"} 14
# TYPE envoy_cluster_external_upstream_rq_xx counter
envoy_cluster_external_upstream_rq_xx{envoy_response_code_class="2",envoy_cluster_name="cds_egress_votingAppmesh_web-vn_reports-vn_http_9080_1"} 14
# TYPE envoy_cluster_http2_trailers counter
envoy_cluster_http2_trailers{envoy_cluster_name="cds_egress_votingAppmesh_web-vn_reports-vn_http_9080_1"} 0
# TYPE envoy_cluster_http2_tx_reset counter
envoy_cluster_http2_tx_reset{envoy_cluster_name="cds_egress_votingAppmesh_web-vn_reports-vn_http_9080_1"} 0
# TYPE envoy_cluster_http2_too_many_header_frames counter
envoy_cluster_http2_too_many_header_frames{envoy_cluster_name="cds_egress_votingAppmesh_web-vn_reports-vn_http_9080_1"} 0
# TYPE envoy_cluster_http2_rx_messaging_error counter
envoy_cluster_http2_rx_messaging_error{envoy_cluster_name="cds_egress_votingAppmesh_web-vn_reports-vn_http_9080_1"} 0
# TYPE envoy_cluster_upstream_rq_xx counter
envoy_cluster_upstream_rq_xx{envoy_response_code_class="2",envoy_cluster_name="cds_egress_votingAppmesh_web-vn_reports-vn_http_9080_1"} 14
# TYPE envoy_cluster_http2_headers_cb_no_stream counter
envoy_cluster_http2_headers_cb_no_stream{envoy_cluster_name="cds_egress_votingAppmesh_web-vn_reports-vn_http_9080_1"} 0
# TYPE envoy_cluster_http2_header_overflow counter
envoy_cluster_http2_header_overflow{envoy_cluster_name="cds_egress_votingAppmesh_web-vn_reports-vn_http_9080_1"} 0
# TYPE envoy_cluster_update_failure counter
envoy_cluster_update_failure{envoy_cluster_name="cds_egress_votingAppmesh_web-vn_reports-vn_http_9080_1"} 0
# TYPE envoy_cluster_update_attempt counter
envoy_cluster_update_attempt{envoy_cluster_name="cds_egress_votingAppmesh_web-vn_reports-vn_http_9080_1"} 4815
# TYPE envoy_cluster_upstream_flow_control_resumed_reading_total counter
envoy_cluster_upstream_flow_control_resumed_reading_total{envoy_cluster_name="cds_egress_votingAppmesh_web-vn_reports-vn_http_9080_1"} 0
# TYPE envoy_cluster_upstream_rq_retry_overflow counter
envoy_cluster_upstream_rq_retry_overflow{envoy_cluster_name="cds_egress_votingAppmesh_web-vn_reports-vn_http_9080_1"} 0
# TYPE envoy_cluster_upstream_rq_retry_success counter
envoy_cluster_upstream_rq_retry_success{envoy_cluster_name="cds_egress_votingAppmesh_web-vn_reports-vn_http_9080_1"} 0
# TYPE envoy_cluster_upstream_rq_retry counter
envoy_cluster_upstream_rq_retry{envoy_cluster_name="cds_egress_votingAppmesh_web-vn_reports-vn_http_9080_1"} 0
# TYPE envoy_cluster_upstream_rq_tx_reset counter
envoy_cluster_upstream_rq_tx_reset{envoy_cluster_name="cds_egress_votingAppmesh_web-vn_reports-vn_http_9080_1"} 0
# TYPE envoy_cluster_upstream_rq_rx_reset counter
envoy_cluster_upstream_rq_rx_reset{envoy_cluster_name="cds_egress_votingAppmesh_web-vn_reports-vn_http_9080_1"} 0
# TYPE envoy_cluster_upstream_rq_timeout counter
envoy_cluster_upstream_rq_timeout{envoy_cluster_name="cds_egress_votingAppmesh_web-vn_reports-vn_http_9080_1"} 0
# TYPE envoy_cluster_upstream_rq_maintenance_mode counter
envoy_cluster_upstream_rq_maintenance_mode{envoy_cluster_name="cds_egress_votingAppmesh_web-vn_reports-vn_http_9080_1"} 0
# TYPE envoy_cluster_external_upstream_rq_completed counter
envoy_cluster_external_upstream_rq_completed{envoy_cluster_name="cds_egress_votingAppmesh_web-vn_reports-vn_http_9080_1"} 14
# TYPE envoy_cluster_upstream_rq_cancelled counter
envoy_cluster_upstream_rq_cancelled{envoy_cluster_name="cds_egress_votingAppmesh_web-vn_reports-vn_http_9080_1"} 0
# TYPE envoy_cluster_upstream_rq_pending_total counter
envoy_cluster_upstream_rq_pending_total{envoy_cluster_name="cds_egress_votingAppmesh_web-vn_reports-vn_http_9080_1"} 0
# TYPE envoy_cluster_update_empty counter
envoy_cluster_update_empty{envoy_cluster_name="cds_egress_votingAppmesh_web-vn_reports-vn_http_9080_1"} 0
# TYPE envoy_cluster_upstream_rq_pending_failure_eject counter
envoy_cluster_upstream_rq_pending_failure_eject{envoy_cluster_name="cds_egress_votingAppmesh_web-vn_reports-vn_http_9080_1"} 0
# TYPE envoy_cluster_upstream_cx_total counter
envoy_cluster_upstream_cx_total{envoy_cluster_name="cds_egress_votingAppmesh_web-vn_reports-vn_http_9080_1"} 2
# TYPE envoy_cluster_upstream_rq counter
envoy_cluster_upstream_rq{envoy_response_code="200",envoy_cluster_name="cds_egress_votingAppmesh_web-vn_reports-vn_http_9080_1"} 14
# TYPE envoy_cluster_lb_zone_cluster_too_small counter
envoy_cluster_lb_zone_cluster_too_small{envoy_cluster_name="cds_egress_votingAppmesh_web-vn_reports-vn_http_9080_1"} 0
# TYPE envoy_cluster_upstream_cx_http2_total counter
envoy_cluster_upstream_cx_http2_total{envoy_cluster_name="cds_egress_votingAppmesh_web-vn_reports-vn_http_9080_1"} 2
# TYPE envoy_cluster_lb_subsets_selected counter
envoy_cluster_lb_subsets_selected{envoy_cluster_name="cds_egress_votingAppmesh_web-vn_reports-vn_http_9080_1"} 0
# TYPE envoy_cluster_bind_errors counter
envoy_cluster_bind_errors{envoy_cluster_name="cds_egress_votingAppmesh_web-vn_reports-vn_http_9080_1"} 0
# TYPE envoy_cluster_upstream_cx_max_requests counter
envoy_cluster_upstream_cx_max_requests{envoy_cluster_name="cds_egress_votingAppmesh_web-vn_reports-vn_http_9080_1"} 0
# TYPE envoy_cluster_update_success counter
envoy_cluster_update_success{envoy_cluster_name="cds_egress_votingAppmesh_web-vn_reports-vn_http_9080_1"} 4815
# TYPE envoy_cluster_lb_local_cluster_not_ok counter
envoy_cluster_lb_local_cluster_not_ok{envoy_cluster_name="cds_egress_votingAppmesh_web-vn_reports-vn_http_9080_1"} 0
# TYPE envoy_cluster_lb_healthy_panic counter
envoy_cluster_lb_healthy_panic{envoy_cluster_name="cds_egress_votingAppmesh_web-vn_reports-vn_http_9080_1"} 0
# TYPE envoy_cluster_upstream_flow_control_backed_up_total counter
envoy_cluster_upstream_flow_control_backed_up_total{envoy_cluster_name="cds_egress_votingAppmesh_web-vn_reports-vn_http_9080_1"} 0
# TYPE envoy_cluster_lb_subsets_removed counter
envoy_cluster_lb_subsets_removed{envoy_cluster_name="cds_egress_votingAppmesh_web-vn_reports-vn_http_9080_1"} 0
# TYPE envoy_cluster_lb_recalculate_zone_structures counter
envoy_cluster_lb_recalculate_zone_structures{envoy_cluster_name="cds_egress_votingAppmesh_web-vn_reports-vn_http_9080_1"} 0
# TYPE envoy_cluster_upstream_flow_control_drained_total counter
envoy_cluster_upstream_flow_control_drained_total{envoy_cluster_name="cds_egress_votingAppmesh_web-vn_reports-vn_http_9080_1"} 0
# TYPE envoy_cluster_upstream_cx_http1_total counter
envoy_cluster_upstream_cx_http1_total{envoy_cluster_name="cds_egress_votingAppmesh_web-vn_reports-vn_http_9080_1"} 0
# TYPE envoy_cluster_original_dst_host_invalid counter
envoy_cluster_original_dst_host_invalid{envoy_cluster_name="cds_egress_votingAppmesh_web-vn_reports-vn_http_9080_1"} 0
# TYPE envoy_cluster_lb_subsets_fallback counter
envoy_cluster_lb_subsets_fallback{envoy_cluster_name="cds_egress_votingAppmesh_web-vn_reports-vn_http_9080_1"} 0
# TYPE envoy_cluster_upstream_cx_idle_timeout counter
envoy_cluster_upstream_cx_idle_timeout{envoy_cluster_name="cds_egress_votingAppmesh_web-vn_reports-vn_http_9080_1"} 0
# TYPE envoy_cluster_upstream_rq_per_try_timeout counter
envoy_cluster_upstream_rq_per_try_timeout{envoy_cluster_name="cds_egress_votingAppmesh_web-vn_reports-vn_http_9080_1"} 0
# TYPE envoy_cluster_lb_zone_routing_sampled counter
envoy_cluster_lb_zone_routing_sampled{envoy_cluster_name="cds_egress_votingAppmesh_web-vn_reports-vn_http_9080_1"} 0
# TYPE envoy_cluster_lb_zone_number_differs counter
envoy_cluster_lb_zone_number_differs{envoy_cluster_name="cds_egress_votingAppmesh_web-vn_reports-vn_http_9080_1"} 0
# TYPE envoy_cluster_lb_zone_routing_cross_zone counter
envoy_cluster_lb_zone_routing_cross_zone{envoy_cluster_name="cds_egress_votingAppmesh_web-vn_reports-vn_http_9080_1"} 0
# TYPE envoy_cluster_lb_zone_no_capacity_left counter
envoy_cluster_lb_zone_no_capacity_left{envoy_cluster_name="cds_egress_votingAppmesh_web-vn_reports-vn_http_9080_1"} 0
# TYPE envoy_cluster_upstream_rq_pending_overflow counter
envoy_cluster_upstream_rq_pending_overflow{envoy_cluster_name="cds_egress_votingAppmesh_web-vn_reports-vn_http_9080_1"} 0
# TYPE envoy_cluster_upstream_cx_tx_bytes_total counter
envoy_cluster_upstream_cx_tx_bytes_total{envoy_cluster_name="cds_egress_votingAppmesh_web-vn_reports-vn_http_9080_1"} 1106
# TYPE envoy_cluster_upstream_cx_connect_fail counter
envoy_cluster_upstream_cx_connect_fail{envoy_cluster_name="cds_egress_votingAppmesh_web-vn_reports-vn_http_9080_1"} 0
# TYPE envoy_cluster_update_no_rebuild counter
envoy_cluster_update_no_rebuild{envoy_cluster_name="cds_egress_votingAppmesh_web-vn_reports-vn_http_9080_1"} 0
# TYPE envoy_cluster_upstream_cx_destroy counter
envoy_cluster_upstream_cx_destroy{envoy_cluster_name="cds_egress_votingAppmesh_web-vn_reports-vn_http_9080_1"} 0
# TYPE envoy_cluster_upstream_cx_connect_timeout counter
envoy_cluster_upstream_cx_connect_timeout{envoy_cluster_name="cds_egress_votingAppmesh_web-vn_reports-vn_http_9080_1"} 0
# TYPE envoy_cluster_membership_change counter
envoy_cluster_membership_change{envoy_cluster_name="cds_egress_votingAppmesh_web-vn_reports-vn_http_9080_1"} 1
# TYPE envoy_cluster_upstream_cx_connect_attempts_exceeded counter
envoy_cluster_upstream_cx_connect_attempts_exceeded{envoy_cluster_name="cds_egress_votingAppmesh_web-vn_reports-vn_http_9080_1"} 0
# TYPE envoy_cluster_upstream_cx_protocol_error counter
envoy_cluster_upstream_cx_protocol_error{envoy_cluster_name="cds_egress_votingAppmesh_web-vn_reports-vn_http_9080_1"} 0
# TYPE envoy_cluster_upstream_cx_overflow counter
envoy_cluster_upstream_cx_overflow{envoy_cluster_name="cds_egress_votingAppmesh_web-vn_reports-vn_http_9080_1"} 0
# TYPE envoy_cluster_upstream_cx_destroy_local counter
envoy_cluster_upstream_cx_destroy_local{envoy_cluster_name="cds_egress_votingAppmesh_web-vn_reports-vn_http_9080_1"} 0
# TYPE envoy_cluster_upstream_cx_destroy_with_active_rq counter
envoy_cluster_upstream_cx_destroy_with_active_rq{envoy_cluster_name="cds_egress_votingAppmesh_web-vn_reports-vn_http_9080_1"} 0
# TYPE envoy_cluster_upstream_cx_destroy_local_with_active_rq counter
envoy_cluster_upstream_cx_destroy_local_with_active_rq{envoy_cluster_name="cds_egress_votingAppmesh_web-vn_reports-vn_http_9080_1"} 0
# TYPE envoy_cluster_retry_or_shadow_abandoned counter
envoy_cluster_retry_or_shadow_abandoned{envoy_cluster_name="cds_egress_votingAppmesh_web-vn_reports-vn_http_9080_1"} 0
# TYPE envoy_cluster_lb_zone_routing_all_directly counter
envoy_cluster_lb_zone_routing_all_directly{envoy_cluster_name="cds_egress_votingAppmesh_web-vn_reports-vn_http_9080_1"} 0
# TYPE envoy_cluster_upstream_cx_close_notify counter
envoy_cluster_upstream_cx_close_notify{envoy_cluster_name="cds_egress_votingAppmesh_web-vn_reports-vn_http_9080_1"} 0
# TYPE envoy_cluster_http2_rx_reset counter
envoy_cluster_http2_rx_reset{envoy_cluster_name="cds_egress_votingAppmesh_web-vn_reports-vn_http_9080_1"} 0
# TYPE envoy_cluster_lb_subsets_created counter
envoy_cluster_lb_subsets_created{envoy_cluster_name="cds_egress_votingAppmesh_web-vn_reports-vn_http_9080_1"} 0
# TYPE envoy_cluster_upstream_cx_none_healthy counter
envoy_cluster_upstream_cx_none_healthy{envoy_cluster_name="cds_egress_votingAppmesh_web-vn_reports-vn_http_9080_1"} 0
# TYPE envoy_cluster_upstream_cx_destroy_remote counter
envoy_cluster_upstream_cx_destroy_remote{envoy_cluster_name="cds_egress_votingAppmesh_web-vn_reports-vn_http_9080_1"} 0
# TYPE envoy_cluster_upstream_cx_destroy_remote_with_active_rq counter
envoy_cluster_upstream_cx_destroy_remote_with_active_rq{envoy_cluster_name="cds_egress_votingAppmesh_web-vn_reports-vn_http_9080_1"} 0
# TYPE envoy_cluster_upstream_rq_total counter
envoy_cluster_upstream_rq_total{envoy_cluster_name="cds_egress_votingAppmesh_web-vn_reports-vn_http_9080_1"} 14
# TYPE envoy_cluster_upstream_flow_control_paused_reading_total counter
envoy_cluster_upstream_flow_control_paused_reading_total{envoy_cluster_name="cds_egress_votingAppmesh_web-vn_reports-vn_http_9080_1"} 0
# TYPE envoy_cluster_upstream_cx_rx_bytes_total counter
envoy_cluster_upstream_cx_rx_bytes_total{envoy_cluster_name="cds_egress_votingAppmesh_web-vn_reports-vn_http_9080_1"} 2067
# TYPE envoy_cluster_upstream_rq_completed counter
envoy_cluster_upstream_rq_completed{envoy_cluster_name="cds_egress_votingAppmesh_web-vn_reports-vn_http_9080_1"} 14
# TYPE envoy_listener_admin_downstream_cx_destroy counter
envoy_listener_admin_downstream_cx_destroy{} 71
# TYPE envoy_listener_admin_no_filter_chain_match counter
envoy_listener_admin_no_filter_chain_match{} 0
# TYPE envoy_listener_admin_downstream_cx_total counter
envoy_listener_admin_downstream_cx_total{} 73
# TYPE envoy_listener_admin_http_downstream_rq_xx counter
envoy_listener_admin_http_downstream_rq_xx{envoy_response_code_class="1",envoy_http_conn_manager_prefix="admin"} 0
# TYPE envoy_listener_admin_http_downstream_rq_completed counter
envoy_listener_admin_http_downstream_rq_completed{envoy_http_conn_manager_prefix="admin"} 10932
envoy_listener_admin_http_downstream_rq_xx{envoy_response_code_class="2",envoy_http_conn_manager_prefix="admin"} 10931
envoy_listener_admin_http_downstream_rq_xx{envoy_response_code_class="5",envoy_http_conn_manager_prefix="admin"} 0
envoy_listener_admin_http_downstream_rq_xx{envoy_response_code_class="3",envoy_http_conn_manager_prefix="admin"} 0
envoy_listener_admin_http_downstream_rq_xx{envoy_response_code_class="4",envoy_http_conn_manager_prefix="admin"} 1
envoy_cluster_update_empty{envoy_cluster_name="cds_egress_votingAppmesh_web-vn_amazonaws"} 0
envoy_cluster_update_success{envoy_cluster_name="cds_egress_votingAppmesh_web-vn_amazonaws"} 0
envoy_cluster_update_attempt{envoy_cluster_name="cds_egress_votingAppmesh_web-vn_amazonaws"} 0
envoy_cluster_membership_change{envoy_cluster_name="cds_egress_votingAppmesh_web-vn_amazonaws"} 0
envoy_cluster_bind_errors{envoy_cluster_name="cds_egress_votingAppmesh_web-vn_amazonaws"} 0
envoy_cluster_upstream_flow_control_drained_total{envoy_cluster_name="cds_egress_votingAppmesh_web-vn_amazonaws"} 0
envoy_cluster_upstream_flow_control_backed_up_total{envoy_cluster_name="cds_egress_votingAppmesh_web-vn_amazonaws"} 0
envoy_cluster_upstream_flow_control_paused_reading_total{envoy_cluster_name="cds_egress_votingAppmesh_web-vn_amazonaws"} 0
envoy_cluster_upstream_rq_retry_overflow{envoy_cluster_name="cds_egress_votingAppmesh_web-vn_amazonaws"} 0
envoy_cluster_update_failure{envoy_cluster_name="cds_egress_votingAppmesh_web-vn_amazonaws"} 0
envoy_cluster_upstream_rq_retry{envoy_cluster_name="cds_egress_votingAppmesh_web-vn_amazonaws"} 0
envoy_cluster_upstream_rq_rx_reset{envoy_cluster_name="cds_egress_votingAppmesh_web-vn_amazonaws"} 0
envoy_cluster_upstream_rq_tx_reset{envoy_cluster_name="cds_egress_votingAppmesh_web-vn_amazonaws"} 0
envoy_cluster_upstream_rq_maintenance_mode{envoy_cluster_name="cds_egress_votingAppmesh_web-vn_amazonaws"} 0
envoy_cluster_upstream_rq_cancelled{envoy_cluster_name="cds_egress_votingAppmesh_web-vn_amazonaws"} 0
envoy_cluster_upstream_rq_pending_failure_eject{envoy_cluster_name="cds_egress_votingAppmesh_web-vn_amazonaws"} 0
envoy_cluster_upstream_rq_pending_overflow{envoy_cluster_name="cds_egress_votingAppmesh_web-vn_amazonaws"} 0
envoy_cluster_upstream_rq_pending_total{envoy_cluster_name="cds_egress_votingAppmesh_web-vn_amazonaws"} 0
envoy_cluster_upstream_cx_http1_total{envoy_cluster_name="cds_egress_votingAppmesh_web-vn_amazonaws"} 0
envoy_cluster_lb_subsets_fallback{envoy_cluster_name="cds_egress_votingAppmesh_web-vn_amazonaws"} 0
envoy_cluster_original_dst_host_invalid{envoy_cluster_name="cds_egress_votingAppmesh_web-vn_amazonaws"} 0
envoy_cluster_lb_subsets_selected{envoy_cluster_name="cds_egress_votingAppmesh_web-vn_amazonaws"} 0
envoy_cluster_upstream_cx_overflow{envoy_cluster_name="cds_egress_votingAppmesh_web-vn_amazonaws"} 0
envoy_cluster_upstream_cx_tx_bytes_total{envoy_cluster_name="cds_egress_votingAppmesh_web-vn_amazonaws"} 0
envoy_cluster_upstream_cx_connect_timeout{envoy_cluster_name="cds_egress_votingAppmesh_web-vn_amazonaws"} 0
envoy_cluster_lb_zone_routing_sampled{envoy_cluster_name="cds_egress_votingAppmesh_web-vn_amazonaws"} 0
envoy_cluster_lb_zone_routing_all_directly{envoy_cluster_name="cds_egress_votingAppmesh_web-vn_amazonaws"} 0
envoy_cluster_upstream_cx_destroy_remote{envoy_cluster_name="cds_egress_votingAppmesh_web-vn_amazonaws"} 0
envoy_cluster_lb_subsets_created{envoy_cluster_name="cds_egress_votingAppmesh_web-vn_amazonaws"} 0
envoy_cluster_lb_zone_no_capacity_left{envoy_cluster_name="cds_egress_votingAppmesh_web-vn_amazonaws"} 0
envoy_cluster_upstream_cx_protocol_error{envoy_cluster_name="cds_egress_votingAppmesh_web-vn_amazonaws"} 0
envoy_cluster_upstream_cx_destroy_local{envoy_cluster_name="cds_egress_votingAppmesh_web-vn_amazonaws"} 0
envoy_cluster_upstream_rq_timeout{envoy_cluster_name="cds_egress_votingAppmesh_web-vn_amazonaws"} 0
envoy_cluster_lb_healthy_panic{envoy_cluster_name="cds_egress_votingAppmesh_web-vn_amazonaws"} 0
envoy_cluster_lb_zone_number_differs{envoy_cluster_name="cds_egress_votingAppmesh_web-vn_amazonaws"} 0
envoy_cluster_upstream_rq_per_try_timeout{envoy_cluster_name="cds_egress_votingAppmesh_web-vn_amazonaws"} 0
envoy_cluster_lb_zone_cluster_too_small{envoy_cluster_name="cds_egress_votingAppmesh_web-vn_amazonaws"} 0
envoy_cluster_retry_or_shadow_abandoned{envoy_cluster_name="cds_egress_votingAppmesh_web-vn_amazonaws"} 0
envoy_cluster_upstream_cx_total{envoy_cluster_name="cds_egress_votingAppmesh_web-vn_amazonaws"} 0
envoy_cluster_lb_subsets_removed{envoy_cluster_name="cds_egress_votingAppmesh_web-vn_amazonaws"} 0
envoy_cluster_upstream_cx_destroy{envoy_cluster_name="cds_egress_votingAppmesh_web-vn_amazonaws"} 0
envoy_cluster_lb_recalculate_zone_structures{envoy_cluster_name="cds_egress_votingAppmesh_web-vn_amazonaws"} 0
envoy_cluster_lb_zone_routing_cross_zone{envoy_cluster_name="cds_egress_votingAppmesh_web-vn_amazonaws"} 0
envoy_cluster_upstream_rq_retry_success{envoy_cluster_name="cds_egress_votingAppmesh_web-vn_amazonaws"} 0
envoy_cluster_upstream_rq_total{envoy_cluster_name="cds_egress_votingAppmesh_web-vn_amazonaws"} 0
envoy_cluster_upstream_cx_http2_total{envoy_cluster_name="cds_egress_votingAppmesh_web-vn_amazonaws"} 0
envoy_cluster_update_no_rebuild{envoy_cluster_name="cds_egress_votingAppmesh_web-vn_amazonaws"} 0
envoy_cluster_upstream_flow_control_resumed_reading_total{envoy_cluster_name="cds_egress_votingAppmesh_web-vn_amazonaws"} 0
envoy_cluster_upstream_cx_connect_fail{envoy_cluster_name="cds_egress_votingAppmesh_web-vn_amazonaws"} 0
envoy_cluster_upstream_cx_idle_timeout{envoy_cluster_name="cds_egress_votingAppmesh_web-vn_amazonaws"} 0
envoy_cluster_upstream_cx_rx_bytes_total{envoy_cluster_name="cds_egress_votingAppmesh_web-vn_amazonaws"} 0
envoy_cluster_upstream_cx_destroy_with_active_rq{envoy_cluster_name="cds_egress_votingAppmesh_web-vn_amazonaws"} 0
envoy_cluster_lb_local_cluster_not_ok{envoy_cluster_name="cds_egress_votingAppmesh_web-vn_amazonaws"} 0
envoy_cluster_upstream_cx_destroy_local_with_active_rq{envoy_cluster_name="cds_egress_votingAppmesh_web-vn_amazonaws"} 0
envoy_cluster_upstream_cx_destroy_remote_with_active_rq{envoy_cluster_name="cds_egress_votingAppmesh_web-vn_amazonaws"} 0
envoy_cluster_upstream_cx_close_notify{envoy_cluster_name="cds_egress_votingAppmesh_web-vn_amazonaws"} 0
envoy_cluster_upstream_cx_max_requests{envoy_cluster_name="cds_egress_votingAppmesh_web-vn_amazonaws"} 0
envoy_cluster_upstream_cx_none_healthy{envoy_cluster_name="cds_egress_votingAppmesh_web-vn_amazonaws"} 0
envoy_cluster_upstream_cx_connect_attempts_exceeded{envoy_cluster_name="cds_egress_votingAppmesh_web-vn_amazonaws"} 0
envoy_cluster_upstream_rq_completed{envoy_cluster_name="cds_egress_votingAppmesh_web-vn_amazonaws"} 0
envoy_http_rq_total{envoy_http_conn_manager_prefix="async-client"} 0
envoy_http_no_cluster{envoy_http_conn_manager_prefix="async-client"} 0
envoy_http_no_route{envoy_http_conn_manager_prefix="async-client"} 0
# TYPE envoy_server_watchdog_mega_miss counter
envoy_server_watchdog_mega_miss{} 0
# TYPE envoy_cluster_manager_cluster_updated counter
envoy_cluster_manager_cluster_updated{} 0
# TYPE envoy_cluster_manager_cluster_modified counter
envoy_cluster_manager_cluster_modified{} 0
envoy_http_rq_direct_response{envoy_http_conn_manager_prefix="async-client"} 0
# TYPE envoy_cluster_manager_cluster_updated_via_merge counter
envoy_cluster_manager_cluster_updated_via_merge{} 0
# TYPE envoy_cluster_manager_cluster_added counter
envoy_cluster_manager_cluster_added{} 3
# TYPE envoy_listener_manager_listener_create_failure counter
envoy_listener_manager_listener_create_failure{} 0
# TYPE envoy_cluster_manager_cluster_removed counter
envoy_cluster_manager_cluster_removed{} 0
# TYPE envoy_listener_manager_listener_create_success counter
envoy_listener_manager_listener_create_success{} 4
# TYPE envoy_listener_manager_listener_removed counter
envoy_listener_manager_listener_removed{} 0
# TYPE envoy_runtime_load_error counter
envoy_runtime_load_error{} 0
# TYPE envoy_listener_manager_listener_added counter
envoy_listener_manager_listener_added{} 2
# TYPE envoy_server_watchdog_miss counter
envoy_server_watchdog_miss{} 0
# TYPE envoy_filesystem_reopen_failed counter
envoy_filesystem_reopen_failed{} 0
envoy_http_rq_redirect{envoy_http_conn_manager_prefix="async-client"} 0
# TYPE envoy_filesystem_write_buffered counter
envoy_filesystem_write_buffered{} 10932
envoy_http_downstream_rq_idle_timeout{envoy_http_conn_manager_prefix="admin"} 0
envoy_http_downstream_rq_rx_reset{envoy_http_conn_manager_prefix="admin"} 0
envoy_http_downstream_cx_http1_total{envoy_http_conn_manager_prefix="admin"} 73
envoy_http_downstream_rq_xx{envoy_response_code_class="1",envoy_http_conn_manager_prefix="admin"} 0
# TYPE envoy_runtime_load_success counter
envoy_runtime_load_success{} 0
envoy_http_downstream_cx_protocol_error{envoy_http_conn_manager_prefix="admin"} 0
# TYPE envoy_cluster_manager_update_out_of_merge_window counter
envoy_cluster_manager_update_out_of_merge_window{} 0
envoy_http_downstream_cx_destroy_remote{envoy_http_conn_manager_prefix="admin"} 71
envoy_http_downstream_cx_overload_disable_keepalive{envoy_http_conn_manager_prefix="admin"} 0
# TYPE envoy_stats_overflow counter
envoy_stats_overflow{} 0
envoy_http_downstream_cx_drain_close{envoy_http_conn_manager_prefix="admin"} 0
envoy_http_downstream_cx_delayed_close_timeout{envoy_http_conn_manager_prefix="admin"} 0
envoy_http_downstream_cx_http2_total{envoy_http_conn_manager_prefix="admin"} 0
# TYPE envoy_runtime_override_dir_exists counter
envoy_runtime_override_dir_exists{} 0
envoy_http_downstream_rq_response_before_rq_complete{envoy_http_conn_manager_prefix="admin"} 0
envoy_http_downstream_cx_destroy_local{envoy_http_conn_manager_prefix="admin"} 0
envoy_http_downstream_cx_tx_bytes_total{envoy_http_conn_manager_prefix="admin"} 748400360
envoy_http_downstream_cx_rx_bytes_total{envoy_http_conn_manager_prefix="admin"} 3146081
envoy_http_downstream_flow_control_paused_reading_total{envoy_http_conn_manager_prefix="admin"} 0
envoy_http_downstream_cx_ssl_total{envoy_http_conn_manager_prefix="admin"} 0
envoy_http_downstream_cx_destroy_remote_active_rq{envoy_http_conn_manager_prefix="admin"} 0
envoy_http_downstream_cx_destroy_local_active_rq{envoy_http_conn_manager_prefix="admin"} 0
envoy_http_rs_too_large{envoy_http_conn_manager_prefix="admin"} 0
envoy_http_downstream_cx_total{envoy_http_conn_manager_prefix="admin"} 73
# TYPE envoy_filesystem_write_completed counter
envoy_filesystem_write_completed{} 2209
envoy_http_downstream_rq_overload_close{envoy_http_conn_manager_prefix="admin"} 0
envoy_http_downstream_cx_destroy_active_rq{envoy_http_conn_manager_prefix="admin"} 0
envoy_http_downstream_rq_completed{envoy_http_conn_manager_prefix="admin"} 10932
envoy_http_downstream_cx_destroy{envoy_http_conn_manager_prefix="admin"} 71
envoy_http_downstream_cx_websocket_total{envoy_http_conn_manager_prefix="admin"} 0
envoy_http_downstream_cx_idle_timeout{envoy_http_conn_manager_prefix="admin"} 0
envoy_http_downstream_rq_xx{envoy_response_code_class="3",envoy_http_conn_manager_prefix="admin"} 0
envoy_http_downstream_flow_control_resumed_reading_total{envoy_http_conn_manager_prefix="admin"} 0
envoy_http_downstream_rq_xx{envoy_response_code_class="2",envoy_http_conn_manager_prefix="admin"} 10931
envoy_http_downstream_rq_total{envoy_http_conn_manager_prefix="admin"} 10933
envoy_http_downstream_rq_http1_total{envoy_http_conn_manager_prefix="admin"} 10933
envoy_http_downstream_rq_http2_total{envoy_http_conn_manager_prefix="admin"} 0
envoy_http_downstream_rq_tx_reset{envoy_http_conn_manager_prefix="admin"} 0
# TYPE envoy_cluster_manager_update_merge_cancelled counter
envoy_cluster_manager_update_merge_cancelled{} 0
# TYPE envoy_listener_manager_listener_modified counter
envoy_listener_manager_listener_modified{} 0
envoy_http_downstream_rq_non_relative_path{envoy_http_conn_manager_prefix="admin"} 0
# TYPE envoy_runtime_override_dir_not_exists counter
envoy_runtime_override_dir_not_exists{} 0
envoy_http_downstream_rq_ws_on_non_ws_route{envoy_http_conn_manager_prefix="admin"} 0
envoy_http_downstream_rq_too_large{envoy_http_conn_manager_prefix="admin"} 0
# TYPE envoy_filesystem_flushed_by_timer counter
envoy_filesystem_flushed_by_timer{} 2404
envoy_http_downstream_rq_xx{envoy_response_code_class="5",envoy_http_conn_manager_prefix="admin"} 0
envoy_http_downstream_rq_xx{envoy_response_code_class="4",envoy_http_conn_manager_prefix="admin"} 1
# TYPE envoy_grpc_ads_streams_closed_16 counter
envoy_grpc_ads_streams_closed_16{} 0
# TYPE envoy_grpc_ads_streams_closed_0 counter
envoy_grpc_ads_streams_closed_0{} 0
# TYPE envoy_grpc_ads_streams_closed_7 counter
envoy_grpc_ads_streams_closed_7{} 0
# TYPE envoy_grpc_ads_streams_closed_15 counter
envoy_grpc_ads_streams_closed_15{} 0
# TYPE envoy_grpc_ads_streams_closed_2 counter
envoy_grpc_ads_streams_closed_2{} 0
# TYPE envoy_grpc_ads_streams_closed_1 counter
envoy_grpc_ads_streams_closed_1{} 0
# TYPE envoy_grpc_ads_streams_closed_5 counter
envoy_grpc_ads_streams_closed_5{} 0
# TYPE envoy_grpc_ads_streams_closed_14 counter
envoy_grpc_ads_streams_closed_14{} 0
# TYPE envoy_grpc_ads_streams_closed_3 counter
envoy_grpc_ads_streams_closed_3{} 0
# TYPE envoy_grpc_ads_streams_total counter
envoy_grpc_ads_streams_total{} 1
# TYPE envoy_grpc_ads_streams_closed_13 counter
envoy_grpc_ads_streams_closed_13{} 0
# TYPE envoy_grpc_ads_streams_closed_6 counter
envoy_grpc_ads_streams_closed_6{} 0
# TYPE envoy_grpc_ads_streams_closed_12 counter
envoy_grpc_ads_streams_closed_12{} 0
# TYPE envoy_grpc_ads_streams_closed_8 counter
envoy_grpc_ads_streams_closed_8{} 0
# TYPE envoy_grpc_ads_streams_closed_11 counter
envoy_grpc_ads_streams_closed_11{} 0
# TYPE envoy_grpc_ads_streams_closed_9 counter
envoy_grpc_ads_streams_closed_9{} 0
# TYPE envoy_grpc_ads_streams_closed_4 counter
envoy_grpc_ads_streams_closed_4{} 0
# TYPE envoy_grpc_ads_streams_closed_10 counter
envoy_grpc_ads_streams_closed_10{} 0
# TYPE envoy_cluster_manager_cds_update_failure counter
envoy_cluster_manager_cds_update_failure{} 0
# TYPE envoy_cluster_manager_cds_update_rejected counter
envoy_cluster_manager_cds_update_rejected{} 0
# TYPE envoy_cluster_manager_cds_update_attempt counter
envoy_cluster_manager_cds_update_attempt{} 3
# TYPE envoy_cluster_manager_cds_update_success counter
envoy_cluster_manager_cds_update_success{} 2
# TYPE envoy_listener_manager_lds_update_rejected counter
envoy_listener_manager_lds_update_rejected{} 0
# TYPE envoy_listener_manager_lds_update_attempt counter
envoy_listener_manager_lds_update_attempt{} 2
# TYPE envoy_listener_manager_lds_update_failure counter
envoy_listener_manager_lds_update_failure{} 0
# TYPE envoy_listener_manager_lds_update_success counter
envoy_listener_manager_lds_update_success{} 1
envoy_cluster_upstream_rq{envoy_response_code="404",envoy_cluster_name="cds_ingress_votingAppmesh_web-vn_web-vn_http_9080_1"} 310
envoy_cluster_external_upstream_rq{envoy_response_code="304",envoy_cluster_name="cds_ingress_votingAppmesh_web-vn_web-vn_http_9080_1"} 5
envoy_cluster_external_upstream_rq_xx{envoy_response_code_class="3",envoy_cluster_name="cds_ingress_votingAppmesh_web-vn_web-vn_http_9080_1"} 5
envoy_cluster_upstream_rq_xx{envoy_response_code_class="3",envoy_cluster_name="cds_ingress_votingAppmesh_web-vn_web-vn_http_9080_1"} 5
envoy_cluster_update_empty{envoy_cluster_name="cds_ingress_votingAppmesh_web-vn_web-vn_http_9080_1"} 0
envoy_cluster_update_no_rebuild{envoy_cluster_name="cds_ingress_votingAppmesh_web-vn_web-vn_http_9080_1"} 0
envoy_cluster_update_success{envoy_cluster_name="cds_ingress_votingAppmesh_web-vn_web-vn_http_9080_1"} 0
envoy_cluster_membership_change{envoy_cluster_name="cds_ingress_votingAppmesh_web-vn_web-vn_http_9080_1"} 1
envoy_cluster_upstream_flow_control_resumed_reading_total{envoy_cluster_name="cds_ingress_votingAppmesh_web-vn_web-vn_http_9080_1"} 0
envoy_cluster_upstream_flow_control_paused_reading_total{envoy_cluster_name="cds_ingress_votingAppmesh_web-vn_web-vn_http_9080_1"} 0
envoy_cluster_external_upstream_rq{envoy_response_code="200",envoy_cluster_name="cds_ingress_votingAppmesh_web-vn_web-vn_http_9080_1"} 8051
envoy_cluster_upstream_rq_retry_success{envoy_cluster_name="cds_ingress_votingAppmesh_web-vn_web-vn_http_9080_1"} 0
envoy_cluster_upstream_rq_retry{envoy_cluster_name="cds_ingress_votingAppmesh_web-vn_web-vn_http_9080_1"} 0
envoy_cluster_upstream_flow_control_backed_up_total{envoy_cluster_name="cds_ingress_votingAppmesh_web-vn_web-vn_http_9080_1"} 0
envoy_cluster_upstream_rq_tx_reset{envoy_cluster_name="cds_ingress_votingAppmesh_web-vn_web-vn_http_9080_1"} 0
envoy_cluster_upstream_rq_xx{envoy_response_code_class="2",envoy_cluster_name="cds_ingress_votingAppmesh_web-vn_web-vn_http_9080_1"} 8051
envoy_cluster_upstream_rq_rx_reset{envoy_cluster_name="cds_ingress_votingAppmesh_web-vn_web-vn_http_9080_1"} 0
envoy_cluster_upstream_rq{envoy_response_code="304",envoy_cluster_name="cds_ingress_votingAppmesh_web-vn_web-vn_http_9080_1"} 5
envoy_cluster_upstream_rq_per_try_timeout{envoy_cluster_name="cds_ingress_votingAppmesh_web-vn_web-vn_http_9080_1"} 0
envoy_cluster_upstream_rq_timeout{envoy_cluster_name="cds_ingress_votingAppmesh_web-vn_web-vn_http_9080_1"} 0
envoy_cluster_external_upstream_rq_xx{envoy_response_code_class="4",envoy_cluster_name="cds_ingress_votingAppmesh_web-vn_web-vn_http_9080_1"} 310
envoy_cluster_upstream_rq_maintenance_mode{envoy_cluster_name="cds_ingress_votingAppmesh_web-vn_web-vn_http_9080_1"} 0
envoy_cluster_upstream_rq_pending_failure_eject{envoy_cluster_name="cds_ingress_votingAppmesh_web-vn_web-vn_http_9080_1"} 0
envoy_cluster_upstream_rq_pending_total{envoy_cluster_name="cds_ingress_votingAppmesh_web-vn_web-vn_http_9080_1"} 5325
envoy_cluster_upstream_cx_total{envoy_cluster_name="cds_ingress_votingAppmesh_web-vn_web-vn_http_9080_1"} 5325
envoy_cluster_lb_subsets_selected{envoy_cluster_name="cds_ingress_votingAppmesh_web-vn_web-vn_http_9080_1"} 0
envoy_cluster_external_upstream_rq_xx{envoy_response_code_class="2",envoy_cluster_name="cds_ingress_votingAppmesh_web-vn_web-vn_http_9080_1"} 8051
envoy_cluster_original_dst_host_invalid{envoy_cluster_name="cds_ingress_votingAppmesh_web-vn_web-vn_http_9080_1"} 0
envoy_cluster_lb_subsets_removed{envoy_cluster_name="cds_ingress_votingAppmesh_web-vn_web-vn_http_9080_1"} 0
envoy_cluster_upstream_rq_xx{envoy_response_code_class="4",envoy_cluster_name="cds_ingress_votingAppmesh_web-vn_web-vn_http_9080_1"} 310
envoy_cluster_upstream_cx_rx_bytes_total{envoy_cluster_name="cds_ingress_votingAppmesh_web-vn_web-vn_http_9080_1"} 2097546
envoy_cluster_retry_or_shadow_abandoned{envoy_cluster_name="cds_ingress_votingAppmesh_web-vn_web-vn_http_9080_1"} 0
envoy_cluster_lb_zone_routing_cross_zone{envoy_cluster_name="cds_ingress_votingAppmesh_web-vn_web-vn_http_9080_1"} 0
envoy_cluster_lb_zone_routing_all_directly{envoy_cluster_name="cds_ingress_votingAppmesh_web-vn_web-vn_http_9080_1"} 0
envoy_cluster_lb_zone_no_capacity_left{envoy_cluster_name="cds_ingress_votingAppmesh_web-vn_web-vn_http_9080_1"} 0
envoy_cluster_lb_local_cluster_not_ok{envoy_cluster_name="cds_ingress_votingAppmesh_web-vn_web-vn_http_9080_1"} 0
envoy_cluster_lb_zone_number_differs{envoy_cluster_name="cds_ingress_votingAppmesh_web-vn_web-vn_http_9080_1"} 0
envoy_cluster_lb_healthy_panic{envoy_cluster_name="cds_ingress_votingAppmesh_web-vn_web-vn_http_9080_1"} 0
envoy_cluster_upstream_cx_protocol_error{envoy_cluster_name="cds_ingress_votingAppmesh_web-vn_web-vn_http_9080_1"} 0
envoy_cluster_upstream_cx_http2_total{envoy_cluster_name="cds_ingress_votingAppmesh_web-vn_web-vn_http_9080_1"} 0
envoy_cluster_lb_recalculate_zone_structures{envoy_cluster_name="cds_ingress_votingAppmesh_web-vn_web-vn_http_9080_1"} 0
envoy_cluster_upstream_cx_close_notify{envoy_cluster_name="cds_ingress_votingAppmesh_web-vn_web-vn_http_9080_1"} 0
envoy_cluster_upstream_cx_idle_timeout{envoy_cluster_name="cds_ingress_votingAppmesh_web-vn_web-vn_http_9080_1"} 0
envoy_cluster_upstream_cx_http1_total{envoy_cluster_name="cds_ingress_votingAppmesh_web-vn_web-vn_http_9080_1"} 5325
envoy_cluster_lb_subsets_fallback{envoy_cluster_name="cds_ingress_votingAppmesh_web-vn_web-vn_http_9080_1"} 0
envoy_cluster_upstream_cx_destroy{envoy_cluster_name="cds_ingress_votingAppmesh_web-vn_web-vn_http_9080_1"} 0
envoy_cluster_update_failure{envoy_cluster_name="cds_ingress_votingAppmesh_web-vn_web-vn_http_9080_1"} 0
envoy_cluster_upstream_flow_control_drained_total{envoy_cluster_name="cds_ingress_votingAppmesh_web-vn_web-vn_http_9080_1"} 0
envoy_cluster_upstream_rq_completed{envoy_cluster_name="cds_ingress_votingAppmesh_web-vn_web-vn_http_9080_1"} 8366
envoy_cluster_lb_zone_cluster_too_small{envoy_cluster_name="cds_ingress_votingAppmesh_web-vn_web-vn_http_9080_1"} 0
envoy_cluster_update_attempt{envoy_cluster_name="cds_ingress_votingAppmesh_web-vn_web-vn_http_9080_1"} 0
envoy_cluster_upstream_rq_pending_overflow{envoy_cluster_name="cds_ingress_votingAppmesh_web-vn_web-vn_http_9080_1"} 0
envoy_cluster_upstream_cx_connect_fail{envoy_cluster_name="cds_ingress_votingAppmesh_web-vn_web-vn_http_9080_1"} 0
envoy_cluster_upstream_cx_connect_timeout{envoy_cluster_name="cds_ingress_votingAppmesh_web-vn_web-vn_http_9080_1"} 0
envoy_cluster_upstream_rq_retry_overflow{envoy_cluster_name="cds_ingress_votingAppmesh_web-vn_web-vn_http_9080_1"} 0
envoy_cluster_upstream_rq_total{envoy_cluster_name="cds_ingress_votingAppmesh_web-vn_web-vn_http_9080_1"} 8366
envoy_cluster_bind_errors{envoy_cluster_name="cds_ingress_votingAppmesh_web-vn_web-vn_http_9080_1"} 0
envoy_cluster_upstream_cx_connect_attempts_exceeded{envoy_cluster_name="cds_ingress_votingAppmesh_web-vn_web-vn_http_9080_1"} 0
envoy_cluster_upstream_rq{envoy_response_code="200",envoy_cluster_name="cds_ingress_votingAppmesh_web-vn_web-vn_http_9080_1"} 8051
envoy_cluster_lb_zone_routing_sampled{envoy_cluster_name="cds_ingress_votingAppmesh_web-vn_web-vn_http_9080_1"} 0
envoy_cluster_upstream_cx_overflow{envoy_cluster_name="cds_ingress_votingAppmesh_web-vn_web-vn_http_9080_1"} 0
envoy_cluster_external_upstream_rq{envoy_response_code="404",envoy_cluster_name="cds_ingress_votingAppmesh_web-vn_web-vn_http_9080_1"} 310
envoy_cluster_external_upstream_rq_completed{envoy_cluster_name="cds_ingress_votingAppmesh_web-vn_web-vn_http_9080_1"} 8366
envoy_cluster_upstream_cx_destroy_remote{envoy_cluster_name="cds_ingress_votingAppmesh_web-vn_web-vn_http_9080_1"} 0
envoy_cluster_upstream_cx_destroy_local_with_active_rq{envoy_cluster_name="cds_ingress_votingAppmesh_web-vn_web-vn_http_9080_1"} 0
envoy_cluster_upstream_cx_destroy_with_active_rq{envoy_cluster_name="cds_ingress_votingAppmesh_web-vn_web-vn_http_9080_1"} 0
envoy_cluster_upstream_cx_destroy_remote_with_active_rq{envoy_cluster_name="cds_ingress_votingAppmesh_web-vn_web-vn_http_9080_1"} 0
envoy_cluster_upstream_cx_destroy_local{envoy_cluster_name="cds_ingress_votingAppmesh_web-vn_web-vn_http_9080_1"} 0
envoy_cluster_upstream_cx_tx_bytes_total{envoy_cluster_name="cds_ingress_votingAppmesh_web-vn_web-vn_http_9080_1"} 2136632
envoy_cluster_upstream_rq_cancelled{envoy_cluster_name="cds_ingress_votingAppmesh_web-vn_web-vn_http_9080_1"} 0
envoy_cluster_lb_subsets_created{envoy_cluster_name="cds_ingress_votingAppmesh_web-vn_web-vn_http_9080_1"} 0
envoy_cluster_upstream_cx_max_requests{envoy_cluster_name="cds_ingress_votingAppmesh_web-vn_web-vn_http_9080_1"} 0
envoy_cluster_upstream_cx_none_healthy{envoy_cluster_name="cds_ingress_votingAppmesh_web-vn_web-vn_http_9080_1"} 0
# TYPE envoy_tcp_downstream_cx_rx_bytes_buffered gauge
envoy_tcp_downstream_cx_rx_bytes_buffered{envoy_tcp_prefix="cds_egress_votingAppmesh_web-vn_amazonaws"} 0
# TYPE envoy_tcp_upstream_flush_active gauge
envoy_tcp_upstream_flush_active{envoy_tcp_prefix="cds_egress_votingAppmesh_web-vn_amazonaws"} 0
# TYPE envoy_tcp_downstream_cx_tx_bytes_buffered gauge
envoy_tcp_downstream_cx_tx_bytes_buffered{envoy_tcp_prefix="cds_egress_votingAppmesh_web-vn_amazonaws"} 0
# TYPE envoy_http_rds_rds_egress_votingAppmesh_web_vn_http_9080_1_version gauge
envoy_http_rds_rds_egress_votingAppmesh_web_vn_http_9080_1_version{envoy_http_conn_manager_prefix="rds_egress_votingAppmesh_web-vn_http_9080_1"} 13237225503670494420
# TYPE envoy_listener_downstream_cx_active gauge
envoy_listener_downstream_cx_active{envoy_listener_address="0.0.0.0_15001"} 0
# TYPE envoy_http_rds_rds_ingress_votingAppmesh_web_vn_http_9080_1_version gauge
envoy_http_rds_rds_ingress_votingAppmesh_web_vn_http_9080_1_version{envoy_http_conn_manager_prefix="rds_ingress_votingAppmesh_web-vn_http_9080_1"} 13237225503670494420
# TYPE envoy_http_downstream_cx_tx_bytes_buffered gauge
envoy_http_downstream_cx_tx_bytes_buffered{envoy_http_conn_manager_prefix="rds_egress_votingAppmesh_web-vn_http_9080_1"} 0
# TYPE envoy_http_downstream_cx_ssl_active gauge
envoy_http_downstream_cx_ssl_active{envoy_http_conn_manager_prefix="rds_egress_votingAppmesh_web-vn_http_9080_1"} 0
# TYPE envoy_http_downstream_cx_websocket_active gauge
envoy_http_downstream_cx_websocket_active{envoy_http_conn_manager_prefix="rds_egress_votingAppmesh_web-vn_http_9080_1"} 0
# TYPE envoy_http_downstream_cx_active gauge
envoy_http_downstream_cx_active{envoy_http_conn_manager_prefix="rds_egress_votingAppmesh_web-vn_http_9080_1"} 0
# TYPE envoy_http_downstream_cx_http1_active gauge
envoy_http_downstream_cx_http1_active{envoy_http_conn_manager_prefix="rds_egress_votingAppmesh_web-vn_http_9080_1"} 0
# TYPE envoy_http_downstream_cx_rx_bytes_buffered gauge
envoy_http_downstream_cx_rx_bytes_buffered{envoy_http_conn_manager_prefix="rds_egress_votingAppmesh_web-vn_http_9080_1"} 0
# TYPE envoy_http_downstream_rq_active gauge
envoy_http_downstream_rq_active{envoy_http_conn_manager_prefix="rds_egress_votingAppmesh_web-vn_http_9080_1"} 0
# TYPE envoy_http_downstream_cx_http2_active gauge
envoy_http_downstream_cx_http2_active{envoy_http_conn_manager_prefix="rds_egress_votingAppmesh_web-vn_http_9080_1"} 0
envoy_listener_downstream_cx_active{envoy_listener_address="0.0.0.0_15000"} 4
envoy_http_downstream_rq_active{envoy_http_conn_manager_prefix="rds_ingress_votingAppmesh_web-vn_http_9080_1"} 0
envoy_http_downstream_cx_tx_bytes_buffered{envoy_http_conn_manager_prefix="rds_ingress_votingAppmesh_web-vn_http_9080_1"} 0
envoy_http_downstream_cx_ssl_active{envoy_http_conn_manager_prefix="rds_ingress_votingAppmesh_web-vn_http_9080_1"} 0
envoy_http_downstream_cx_active{envoy_http_conn_manager_prefix="rds_ingress_votingAppmesh_web-vn_http_9080_1"} 4
envoy_http_downstream_cx_http1_active{envoy_http_conn_manager_prefix="rds_ingress_votingAppmesh_web-vn_http_9080_1"} 4
envoy_http_downstream_cx_websocket_active{envoy_http_conn_manager_prefix="rds_ingress_votingAppmesh_web-vn_http_9080_1"} 0
envoy_http_downstream_cx_http2_active{envoy_http_conn_manager_prefix="rds_ingress_votingAppmesh_web-vn_http_9080_1"} 0
envoy_http_downstream_cx_rx_bytes_buffered{envoy_http_conn_manager_prefix="rds_ingress_votingAppmesh_web-vn_http_9080_1"} 1128
# TYPE envoy_cluster_membership_total gauge
envoy_cluster_membership_total{envoy_cluster_name="cds_egress_votingAppmesh_web-vn_reports-vn_http_9080_1"} 1
# TYPE envoy_cluster_membership_healthy gauge
envoy_cluster_membership_healthy{envoy_cluster_name="cds_egress_votingAppmesh_web-vn_reports-vn_http_9080_1"} 1
# TYPE envoy_cluster_max_host_weight gauge
envoy_cluster_max_host_weight{envoy_cluster_name="cds_egress_votingAppmesh_web-vn_reports-vn_http_9080_1"} 0
# TYPE envoy_cluster_version gauge
envoy_cluster_version{envoy_cluster_name="cds_egress_votingAppmesh_web-vn_reports-vn_http_9080_1"} 0
# TYPE envoy_cluster_upstream_cx_rx_bytes_buffered gauge
envoy_cluster_upstream_cx_rx_bytes_buffered{envoy_cluster_name="cds_egress_votingAppmesh_web-vn_reports-vn_http_9080_1"} 267
# TYPE envoy_cluster_lb_subsets_active gauge
envoy_cluster_lb_subsets_active{envoy_cluster_name="cds_egress_votingAppmesh_web-vn_reports-vn_http_9080_1"} 0
# TYPE envoy_cluster_upstream_cx_tx_bytes_buffered gauge
envoy_cluster_upstream_cx_tx_bytes_buffered{envoy_cluster_name="cds_egress_votingAppmesh_web-vn_reports-vn_http_9080_1"} 0
# TYPE envoy_cluster_upstream_rq_active gauge
envoy_cluster_upstream_rq_active{envoy_cluster_name="cds_egress_votingAppmesh_web-vn_reports-vn_http_9080_1"} 0
# TYPE envoy_cluster_upstream_cx_active gauge
envoy_cluster_upstream_cx_active{envoy_cluster_name="cds_egress_votingAppmesh_web-vn_reports-vn_http_9080_1"} 2
# TYPE envoy_cluster_upstream_rq_pending_active gauge
envoy_cluster_upstream_rq_pending_active{envoy_cluster_name="cds_egress_votingAppmesh_web-vn_reports-vn_http_9080_1"} 0
# TYPE envoy_listener_admin_downstream_cx_active gauge
envoy_listener_admin_downstream_cx_active{} 2
envoy_cluster_membership_healthy{envoy_cluster_name="cds_egress_votingAppmesh_web-vn_amazonaws"} 0
envoy_cluster_max_host_weight{envoy_cluster_name="cds_egress_votingAppmesh_web-vn_amazonaws"} 0
envoy_cluster_version{envoy_cluster_name="cds_egress_votingAppmesh_web-vn_amazonaws"} 0
envoy_cluster_upstream_cx_active{envoy_cluster_name="cds_egress_votingAppmesh_web-vn_amazonaws"} 0
envoy_cluster_lb_subsets_active{envoy_cluster_name="cds_egress_votingAppmesh_web-vn_amazonaws"} 0
envoy_cluster_upstream_cx_rx_bytes_buffered{envoy_cluster_name="cds_egress_votingAppmesh_web-vn_amazonaws"} 0
envoy_cluster_upstream_rq_active{envoy_cluster_name="cds_egress_votingAppmesh_web-vn_amazonaws"} 0
envoy_cluster_membership_total{envoy_cluster_name="cds_egress_votingAppmesh_web-vn_amazonaws"} 0
envoy_cluster_upstream_cx_tx_bytes_buffered{envoy_cluster_name="cds_egress_votingAppmesh_web-vn_amazonaws"} 0
envoy_cluster_upstream_rq_pending_active{envoy_cluster_name="cds_egress_votingAppmesh_web-vn_amazonaws"} 0
# TYPE envoy_cluster_manager_warming_clusters gauge
envoy_cluster_manager_warming_clusters{} 0
# TYPE envoy_runtime_admin_overrides_active gauge
envoy_runtime_admin_overrides_active{} 0
# TYPE envoy_listener_manager_total_listeners_active gauge
envoy_listener_manager_total_listeners_active{} 2
# TYPE envoy_listener_manager_total_listeners_warming gauge
envoy_listener_manager_total_listeners_warming{} 0
envoy_http_downstream_rq_active{envoy_http_conn_manager_prefix="admin"} 1
envoy_http_downstream_cx_tx_bytes_buffered{envoy_http_conn_manager_prefix="admin"} 0
# TYPE envoy_server_live gauge
envoy_server_live{} 1
# TYPE envoy_server_memory_allocated gauge
envoy_server_memory_allocated{} 5406736
# TYPE envoy_server_uptime gauge
envoy_server_uptime{} 24090
# TYPE envoy_server_memory_heap_size gauge
envoy_server_memory_heap_size{} 8388608
# TYPE envoy_server_concurrency gauge
envoy_server_concurrency{} 2
# TYPE envoy_filesystem_write_total_buffered gauge
envoy_filesystem_write_total_buffered{} 1044
# TYPE envoy_server_total_connections gauge
envoy_server_total_connections{} 4
# TYPE envoy_server_parent_connections gauge
envoy_server_parent_connections{} 0
envoy_http_downstream_cx_active{envoy_http_conn_manager_prefix="admin"} 2
# TYPE envoy_server_version gauge
envoy_server_version{} 1530806
# TYPE envoy_cluster_manager_active_clusters gauge
envoy_cluster_manager_active_clusters{} 3
# TYPE envoy_runtime_num_keys gauge
envoy_runtime_num_keys{} 0
envoy_http_downstream_cx_http1_active{envoy_http_conn_manager_prefix="admin"} 2
# TYPE envoy_server_hot_restart_epoch gauge
envoy_server_hot_restart_epoch{} 0
# TYPE envoy_control_plane_connected_state gauge
envoy_control_plane_connected_state{} 1
# TYPE envoy_listener_manager_total_listeners_draining gauge
envoy_listener_manager_total_listeners_draining{} 0
# TYPE envoy_server_days_until_first_cert_expiring gauge
envoy_server_days_until_first_cert_expiring{} 2147483647
envoy_http_downstream_cx_ssl_active{envoy_http_conn_manager_prefix="admin"} 0
envoy_http_downstream_cx_websocket_active{envoy_http_conn_manager_prefix="admin"} 0
envoy_http_downstream_cx_http2_active{envoy_http_conn_manager_prefix="admin"} 0
envoy_http_downstream_cx_rx_bytes_buffered{envoy_http_conn_manager_prefix="admin"} 402
# TYPE envoy_cluster_manager_cds_version gauge
envoy_cluster_manager_cds_version{} 13237225503670494420
# TYPE envoy_listener_manager_lds_version gauge
envoy_listener_manager_lds_version{} 13237225503670494420
envoy_cluster_version{envoy_cluster_name="cds_ingress_votingAppmesh_web-vn_web-vn_http_9080_1"} 0
envoy_cluster_membership_total{envoy_cluster_name="cds_ingress_votingAppmesh_web-vn_web-vn_http_9080_1"} 1
envoy_cluster_membership_healthy{envoy_cluster_name="cds_ingress_votingAppmesh_web-vn_web-vn_http_9080_1"} 1
envoy_cluster_max_host_weight{envoy_cluster_name="cds_ingress_votingAppmesh_web-vn_web-vn_http_9080_1"} 0
envoy_cluster_upstream_cx_active{envoy_cluster_name="cds_ingress_votingAppmesh_web-vn_web-vn_http_9080_1"} 0
envoy_cluster_upstream_rq_active{envoy_cluster_name="cds_ingress_votingAppmesh_web-vn_web-vn_http_9080_1"} 0
envoy_cluster_lb_subsets_active{envoy_cluster_name="cds_ingress_votingAppmesh_web-vn_web-vn_http_9080_1"} 0
envoy_cluster_upstream_cx_rx_bytes_buffered{envoy_cluster_name="cds_ingress_votingAppmesh_web-vn_web-vn_http_9080_1"} 0
envoy_cluster_upstream_cx_tx_bytes_buffered{envoy_cluster_name="cds_ingress_votingAppmesh_web-vn_web-vn_http_9080_1"} 0
envoy_cluster_upstream_rq_pending_active{envoy_cluster_name="cds_ingress_votingAppmesh_web-vn_web-vn_http_9080_1"} 0